{"/Users/julianamorroni/Documents/Cursos 2023/XP-Growth-of-a-Population/src/index.js": {"path":"/Users/julianamorroni/Documents/Cursos 2023/XP-Growth-of-a-Population/src/index.js","statementMap":{"0":{"start":{"line":5,"column":0},"end":{"line":5,"column":37}}},"fnMap":{"0":{"name":"growthPopulation","decl":{"start":{"line":1,"column":9},"end":{"line":1,"column":25}},"loc":{"start":{"line":1,"column":28},"end":{"line":3,"column":1}},"line":1}},"branchMap":{},"s":{"0":1},"f":{"0":1},"b":{},"_coverageSchema":"1a1c01bbd47fc00a2c39e90264f33305004495a9","hash":"3cd4c7b4d563fa435cafeabda996c90aa4fe9431"}
}
